Command line:
   parcheggio_tb_isim_beh.exe
     -simmode  gui
     -simrunnum  0
     -socket  14463

Tue Feb 04 12:21:56 2020


 Elaboration Time: 0.0625 sec

 Current Memory Usage: 5160.03 Meg

 Total Signals          : 32
 Total Nets             : 17
 Total Signal Drivers   : 17
 Total Blocks           : 6
 Total Primitive Blocks : 4
 Total Processes        : 6
 Total Traceable Variables  : 11
 Total Scalar Nets and Variables : 396
Total Line Count : 185
Total Line Count : 185

 Total Simulation Time: 0.28125 sec

 Current Memory Usage: 5160.03 Meg

Tue Feb 04 12:22:22 2020

