--------------------------------------------------------------------------------
Release 14.7 Trace  (nt64)
Copyright (c) 1995-2013 Xilinx, Inc.  All rights reserved.

D:\Xilinx\14.7\ISE_DS\ISE\bin\nt64\unwrapped\trce.exe -intstyle ise -v 3 -s 2
-n 3 -fastpaths -xml Parcheggio.twx Parcheggio.ncd -o Parcheggio.twr
Parcheggio.pcf

Design file:              Parcheggio.ncd
Physical constraint file: Parcheggio.pcf
Device,package,speed:     xc6slx9,tqg144,C,-2 (PRODUCTION 1.23 2013-10-13)
Report level:             verbose report

Environment Variable      Effect 
--------------------      ------ 
NONE                      No environment variables were set
--------------------------------------------------------------------------------

INFO:Timing:2698 - No timing constraints found, doing default enumeration.
INFO:Timing:3412 - To improve timing, see the Timing Closure User Guide (UG612).
INFO:Timing:2752 - To get complete path coverage, use the unconstrained paths 
   option. All paths that are not constrained will be reported in the 
   unconstrained paths section(s) of the report.
INFO:Timing:3339 - The clock-to-out numbers in this timing report are based on 
   a 50 Ohm transmission line loading model.  For the details of this model, 
   and for more information on accounting for different loading conditions, 
   please see the device datasheet.



Data Sheet report:
-----------------
All values displayed in nanoseconds (ns)

Setup/Hold to clock clk
------------+------------+------------+------------+------------+------------------+--------+
            |Max Setup to|  Process   |Max Hold to |  Process   |                  | Clock  |
Source      | clk (edge) |   Corner   | clk (edge) |   Corner   |Internal Clock(s) | Phase  |
------------+------------+------------+------------+------------+------------------+--------+
FEE         |    3.191(R)|      SLOW  |   -0.610(R)|      FAST  |clk_BUFGP         |   0.000|
FEI         |    3.270(R)|      SLOW  |   -0.355(R)|      SLOW  |clk_BUFGP         |   0.000|
FUE         |    2.448(R)|      SLOW  |    0.090(R)|      SLOW  |clk_BUFGP         |   0.000|
FUI         |    2.698(R)|      SLOW  |   -0.370(R)|      SLOW  |clk_BUFGP         |   0.000|
Pulsante    |    2.063(R)|      SLOW  |   -0.516(R)|      FAST  |clk_BUFGP         |   0.000|
rst         |    2.860(R)|      SLOW  |    0.378(R)|      SLOW  |clk_BUFGP         |   0.000|
------------+------------+------------+------------+------------+------------------+--------+

Clock clk to Pad
------------+-----------------+------------+-----------------+------------+------------------+--------+
            |Max (slowest) clk|  Process   |Min (fastest) clk|  Process   |                  | Clock  |
Destination |  (edge) to PAD  |   Corner   |  (edge) to PAD  |   Corner   |Internal Clock(s) | Phase  |
------------+-----------------+------------+-----------------+------------+------------------+--------+
SbI         |         9.153(R)|      SLOW  |         3.858(R)|      FAST  |clk_BUFGP         |   0.000|
SbU         |         9.657(R)|      SLOW  |         3.870(R)|      FAST  |clk_BUFGP         |   0.000|
Sem         |         8.807(R)|      SLOW  |         3.655(R)|      FAST  |clk_BUFGP         |   0.000|
------------+-----------------+------------+-----------------+------------+------------------+--------+

Clock to Setup on destination clock clk
---------------+---------+---------+---------+---------+
               | Src:Rise| Src:Fall| Src:Rise| Src:Fall|
Source Clock   |Dest:Rise|Dest:Rise|Dest:Fall|Dest:Fall|
---------------+---------+---------+---------+---------+
clk            |    2.485|         |         |         |
---------------+---------+---------+---------+---------+


Analysis completed Tue Feb 04 12:23:57 2020 
--------------------------------------------------------------------------------

Trace Settings:
-------------------------
Trace Settings 

Peak Memory Usage: 4571 MB



