Release 14.7 - xst P.20131013 (nt64)
Copyright (c) 1995-2013 Xilinx, Inc.  All rights reserved.
--> Parameter TMPDIR set to xst/projnav.tmp


Total REAL time to Xst completion: 1.00 secs
Total CPU time to Xst completion: 0.37 secs
 
--> Parameter xsthdpdir set to xst


Total REAL time to Xst completion: 1.00 secs
Total CPU time to Xst completion: 0.37 secs
 
--> Reading design: Parcheggio.prj

TABLE OF CONTENTS
  1) Synthesis Options Summary
  2) HDL Parsing
  3) HDL Elaboration
  4) HDL Synthesis
       4.1) HDL Synthesis Report
  5) Advanced HDL Synthesis
       5.1) Advanced HDL Synthesis Report
  6) Low Level Synthesis
  7) Partition Report
  8) Design Summary
       8.1) Primitive and Black Box Usage
       8.2) Device utilization summary
       8.3) Partition Resource Summary
       8.4) Timing Report
            8.4.1) Clock Information
            8.4.2) Asynchronous Control Signals Information
            8.4.3) Timing Summary
            8.4.4) Timing Details
            8.4.5) Cross Clock Domains Report


=========================================================================
*                      Synthesis Options Summary                        *
=========================================================================
---- Source Parameters
Input File Name                    : "Parcheggio.prj"
Ignore Synthesis Constraint File   : NO

---- Target Parameters
Output File Name                   : "Parcheggio"
Output Format                      : NGC
Target Device                      : xc6slx9-2-tqg144

---- Source Options
Top Module Name                    : Parcheggio
Automatic FSM Extraction           : YES
FSM Encoding Algorithm             : Auto
Safe Implementation                : No
FSM Style                          : LUT
RAM Extraction                     : Yes
RAM Style                          : Auto
ROM Extraction                     : Yes
Shift Register Extraction          : YES
ROM Style                          : Auto
Resource Sharing                   : YES
Asynchronous To Synchronous        : NO
Shift Register Minimum Size        : 2
Use DSP Block                      : Auto
Automatic Register Balancing       : No

---- Target Options
LUT Combining                      : Auto
Reduce Control Sets                : Auto
Add IO Buffers                     : YES
Global Maximum Fanout              : 100000
Add Generic Clock Buffer(BUFG)     : 16
Register Duplication               : YES
Optimize Instantiated Primitives   : NO
Use Clock Enable                   : Auto
Use Synchronous Set                : Auto
Use Synchronous Reset              : Auto
Pack IO Registers into IOBs        : Auto
Equivalent register Removal        : YES

---- General Options
Optimization Goal                  : Speed
Optimization Effort                : 1
Power Reduction                    : NO
Keep Hierarchy                     : No
Netlist Hierarchy                  : As_Optimized
RTL Output                         : Yes
Global Optimization                : AllClockNets
Read Cores                         : YES
Write Timing Constraints           : NO
Cross Clock Analysis               : NO
Hierarchy Separator                : /
Bus Delimiter                      : <>
Case Specifier                     : Maintain
Slice Utilization Ratio            : 100
BRAM Utilization Ratio             : 100
DSP48 Utilization Ratio            : 100
Auto BRAM Packing                  : NO
Slice Utilization Ratio Delta      : 5

=========================================================================


=========================================================================
*                          HDL Parsing                                  *
=========================================================================
Parsing VHDL file "D:\ProgettoTD_Traccia9_Canzolino_Gianluca\contatore_auto.vhd" into library work
Parsing entity <contatore_auto>.
Parsing architecture <Behavioral> of entity <contatore_auto>.
Parsing VHDL file "D:\ProgettoTD_Traccia9_Canzolino_Gianluca\Parcheggio.vhd" into library work
Parsing entity <Parcheggio>.
Parsing architecture <Behavioral> of entity <parcheggio>.

=========================================================================
*                            HDL Elaboration                            *
=========================================================================

Elaborating entity <Parcheggio> (architecture <Behavioral>) from library <work>.

Elaborating entity <contatore_auto> (architecture <Behavioral>) from library <work>.

=========================================================================
*                           HDL Synthesis                               *
=========================================================================

Synthesizing Unit <Parcheggio>.
    Related source file is "D:\ProgettoTD_Traccia9_Canzolino_Gianluca\Parcheggio.vhd".
    Found 4-bit register for signal <processo_clock.contatore>.
    Found 1-bit register for signal <Sem>.
    Found 3-bit register for signal <current_state>.
    Found finite state machine <FSM_0> for signal <current_state>.
    -----------------------------------------------------------------------
    | States             | 7                                              |
    | Transitions        | 36                                             |
    | Inputs             | 8                                              |
    | Outputs            | 8                                              |
    | Clock              | clk (rising_edge)                              |
    | Reset              | _n0074 (positive)                              |
    | Reset type         | synchronous                                    |
    | Reset State        | idle                                           |
    | Power Up State     | idle                                           |
    | Encoding           | auto                                           |
    | Implementation     | LUT                                            |
    -----------------------------------------------------------------------
    Found 4-bit adder for signal <processo_clock.contatore[3]_GND_5_o_add_5_OUT> created at line 107.
    Summary:
	inferred   1 Adder/Subtractor(s).
	inferred   5 D-type flip-flop(s).
	inferred   5 Multiplexer(s).
	inferred   1 Finite State Machine(s).
Unit <Parcheggio> synthesized.

Synthesizing Unit <contatore_auto>.
    Related source file is "D:\ProgettoTD_Traccia9_Canzolino_Gianluca\contatore_auto.vhd".
    Found 2-bit register for signal <current_state>.
    Found finite state machine <FSM_1> for signal <current_state>.
    -----------------------------------------------------------------------
    | States             | 3                                              |
    | Transitions        | 10                                             |
    | Inputs             | 2                                              |
    | Outputs            | 1                                              |
    | Clock              | clk (rising_edge)                              |
    | Reset              | rst (positive)                                 |
    | Reset type         | synchronous                                    |
    | Reset State        | valore0                                        |
    | Power Up State     | valore0                                        |
    | Encoding           | auto                                           |
    | Implementation     | LUT                                            |
    -----------------------------------------------------------------------
    Summary:
	inferred   1 Finite State Machine(s).
Unit <contatore_auto> synthesized.

=========================================================================
HDL Synthesis Report

Macro Statistics
# Adders/Subtractors                                   : 1
 4-bit adder                                           : 1
# Registers                                            : 2
 1-bit register                                        : 1
 4-bit register                                        : 1
# Multiplexers                                         : 5
 1-bit 2-to-1 multiplexer                              : 4
 4-bit 2-to-1 multiplexer                              : 1
# FSMs                                                 : 2

=========================================================================

=========================================================================
*                       Advanced HDL Synthesis                          *
=========================================================================


=========================================================================
Advanced HDL Synthesis Report

Macro Statistics
# Adders/Subtractors                                   : 1
 4-bit adder                                           : 1
# Registers                                            : 5
 Flip-Flops                                            : 5
# Multiplexers                                         : 5
 1-bit 2-to-1 multiplexer                              : 4
 4-bit 2-to-1 multiplexer                              : 1
# FSMs                                                 : 2

=========================================================================

=========================================================================
*                         Low Level Synthesis                           *
=========================================================================
Analyzing FSM <MFsm> for best encoding.
Optimizing FSM <FSM_0> on signal <current_state[1:3]> with sequential encoding.
----------------------
 State    | Encoding
----------------------
 idle     | 000
 entrata  | 001
 uscita   | 010
 entrata1 | 011
 entrata2 | 101
 uscita1  | 100
 uscita2  | 110
----------------------
Analyzing FSM <MFsm> for best encoding.
Optimizing FSM <FSM_1> on signal <current_state[1:2]> with gray encoding.
---------------------
 State   | Encoding
---------------------
 valore0 | 00
 valore1 | 01
 valore2 | 11
---------------------

Optimizing unit <Parcheggio> ...

Mapping all equations...
Building and optimizing final netlist ...
Found area constraint ratio of 100 (+ 5) on block Parcheggio, actual ratio is 0.

Final Macro Processing ...

=========================================================================
Final Register Report

Macro Statistics
# Registers                                            : 10
 Flip-Flops                                            : 10

=========================================================================

=========================================================================
*                           Partition Report                            *
=========================================================================

Partition Implementation Status
-------------------------------

  No Partitions were found in this design.

-------------------------------

=========================================================================
*                            Design Summary                             *
=========================================================================

Top Level Output File Name         : Parcheggio.ngc

Primitive and Black Box Usage:
------------------------------
# BELS                             : 21
#      INV                         : 1
#      LUT2                        : 4
#      LUT3                        : 1
#      LUT4                        : 2
#      LUT5                        : 1
#      LUT6                        : 10
#      MUXF7                       : 2
# FlipFlops/Latches                : 10
#      FD                          : 7
#      FDR                         : 3
# Clock Buffers                    : 1
#      BUFGP                       : 1
# IO Buffers                       : 9
#      IBUF                        : 6
#      OBUF                        : 3

Device utilization summary:
---------------------------

Selected Device : 6slx9tqg144-2 


Slice Logic Utilization: 
 Number of Slice Registers:              10  out of  11440     0%  
 Number of Slice LUTs:                   19  out of   5720     0%  
    Number used as Logic:                19  out of   5720     0%  

Slice Logic Distribution: 
 Number of LUT Flip Flop pairs used:     19
   Number with an unused Flip Flop:       9  out of     19    47%  
   Number with an unused LUT:             0  out of     19     0%  
   Number of fully used LUT-FF pairs:    10  out of     19    52%  
   Number of unique control sets:         3

IO Utilization: 
 Number of IOs:                          10
 Number of bonded IOBs:                  10  out of    102     9%  

Specific Feature Utilization:
 Number of BUFG/BUFGCTRLs:                1  out of     16     6%  

---------------------------
Partition Resource Summary:
---------------------------

  No Partitions were found in this design.

---------------------------


=========================================================================
Timing Report

NOTE: THESE TIMING NUMBERS ARE ONLY A SYNTHESIS ESTIMATE.
      FOR ACCURATE TIMING INFORMATION PLEASE REFER TO THE TRACE REPORT
      GENERATED AFTER PLACE-and-ROUTE.

Clock Information:
------------------
-----------------------------------+------------------------+-------+
Clock Signal                       | Clock buffer(FF name)  | Load  |
-----------------------------------+------------------------+-------+
clk                                | BUFGP                  | 10    |
-----------------------------------+------------------------+-------+

Asynchronous Control Signals Information:
----------------------------------------
No asynchronous control signals found in this design

Timing Summary:
---------------
Speed Grade: -2

   Minimum period: 3.274ns (Maximum Frequency: 305.437MHz)
   Minimum input arrival time before clock: 5.032ns
   Maximum output required time after clock: 5.525ns
   Maximum combinational path delay: No path found

Timing Details:
---------------
All values displayed in nanoseconds (ns)

=========================================================================
Timing constraint: Default period analysis for Clock 'clk'
  Clock period: 3.274ns (frequency: 305.437MHz)
  Total number of paths / destination ports: 61 / 11
-------------------------------------------------------------------------
Delay:               3.274ns (Levels of Logic = 1)
  Source:            processo_clock.contatore_3 (FF)
  Destination:       current_state_FSM_FFd3 (FF)
  Source Clock:      clk rising
  Destination Clock: clk rising

  Data Path: processo_clock.contatore_3 to current_state_FSM_FFd3
                                Gate     Net
    Cell:in->out      fanout   Delay   Delay  Logical Name (Net Name)
    ----------------------------------------  ------------
     FD:C->Q               5   0.525   1.271  processo_clock.contatore_3 (processo_clock.contatore_3)
     LUT6:I1->O            3   0.254   0.765  rst_01 (rst_0)
     FDR:R                     0.459          current_state_FSM_FFd3
    ----------------------------------------
    Total                      3.274ns (1.238ns logic, 2.036ns route)
                                       (37.8% logic, 62.2% route)

=========================================================================
Timing constraint: Default OFFSET IN BEFORE for Clock 'clk'
  Total number of paths / destination ports: 30 / 12
-------------------------------------------------------------------------
Offset:              5.032ns (Levels of Logic = 4)
  Source:            FEE (PAD)
  Destination:       current_state_FSM_FFd1 (FF)
  Destination Clock: clk rising

  Data Path: FEE to current_state_FSM_FFd1
                                Gate     Net
    Cell:in->out      fanout   Delay   Delay  Logical Name (Net Name)
    ----------------------------------------  ------------
     IBUF:I->O             5   1.328   0.949  FEE_IBUF (FEE_IBUF)
     LUT2:I0->O            1   0.250   1.137  current_state_FSM_FFd1-In1_SW0 (N01)
     LUT6:I0->O            1   0.254   0.790  current_state_FSM_FFd1-In1 (current_state_FSM_FFd1-In1)
     LUT2:I0->O            1   0.250   0.000  current_state_FSM_FFd1_rstpot (current_state_FSM_FFd1_rstpot)
     FD:D                      0.074          current_state_FSM_FFd1
    ----------------------------------------
    Total                      5.032ns (2.156ns logic, 2.876ns route)
                                       (42.8% logic, 57.2% route)

=========================================================================
Timing constraint: Default OFFSET OUT AFTER for Clock 'clk'
  Total number of paths / destination ports: 5 / 3
-------------------------------------------------------------------------
Offset:              5.525ns (Levels of Logic = 2)
  Source:            current_state_FSM_FFd1 (FF)
  Destination:       SbU (PAD)
  Source Clock:      clk rising

  Data Path: current_state_FSM_FFd1 to SbU
                                Gate     Net
    Cell:in->out      fanout   Delay   Delay  Logical Name (Net Name)
    ----------------------------------------  ------------
     FD:C->Q               8   0.525   1.172  current_state_FSM_FFd1 (current_state_FSM_FFd1)
     LUT3:I0->O            1   0.235   0.681  current_state__n0084<1>1 (SbU_OBUF)
     OBUF:I->O                 2.912          SbU_OBUF (SbU)
    ----------------------------------------
    Total                      5.525ns (3.672ns logic, 1.853ns route)
                                       (66.5% logic, 33.5% route)

=========================================================================

Cross Clock Domains Report:
--------------------------

Clock to Setup on destination clock clk
---------------+---------+---------+---------+---------+
               | Src:Rise| Src:Fall| Src:Rise| Src:Fall|
Source Clock   |Dest:Rise|Dest:Rise|Dest:Fall|Dest:Fall|
---------------+---------+---------+---------+---------+
clk            |    3.274|         |         |         |
---------------+---------+---------+---------+---------+

=========================================================================


Total REAL time to Xst completion: 11.00 secs
Total CPU time to Xst completion: 10.93 secs
 
--> 

Total memory usage is 4494376 kilobytes

Number of errors   :    0 (   0 filtered)
Number of warnings :    0 (   0 filtered)
Number of infos    :    0 (   0 filtered)

