--------------------------------------------------------------------------------
Release 14.7 Trace  (nt64)
Copyright (c) 1995-2013 Xilinx, Inc.  All rights reserved.

D:\Xilinx\14.7\ISE_DS\ISE\bin\nt64\unwrapped\trce.exe -intstyle ise -v 3 -s 2
-n 3 -fastpaths -xml Parcheggio_preroute.twx Parcheggio_map.ncd -o
Parcheggio_preroute.twr Parcheggio.pcf

Design file:              Parcheggio_map.ncd
Physical constraint file: Parcheggio.pcf
Device,package,speed:     xc6slx9,tqg144,C,-2 (PRODUCTION 1.23 2013-10-13)
Report level:             verbose report

Environment Variable      Effect 
--------------------      ------ 
NONE                      No environment variables were set
--------------------------------------------------------------------------------

INFO:Timing:2698 - No timing constraints found, doing default enumeration.
INFO:Timing:3412 - To improve timing, see the Timing Closure User Guide (UG612).
INFO:Timing:2752 - To get complete path coverage, use the unconstrained paths 
   option. All paths that are not constrained will be reported in the 
   unconstrained paths section(s) of the report.
INFO:Timing:3284 - This timing report was generated using estimated delay 
   information.  For accurate numbers, please refer to the post Place and Route 
   timing report.
INFO:Timing:3339 - The clock-to-out numbers in this timing report are based on 
   a 50 Ohm transmission line loading model.  For the details of this model, 
   and for more information on accounting for different loading conditions, 
   please see the device datasheet.



Data Sheet report:
-----------------
All values displayed in nanoseconds (ns)

Setup/Hold to clock clk
------------+------------+------------+------------+------------+------------------+--------+
            |Max Setup to|  Process   |Max Hold to |  Process   |                  | Clock  |
Source      | clk (edge) |   Corner   | clk (edge) |   Corner   |Internal Clock(s) | Phase  |
------------+------------+------------+------------+------------+------------------+--------+
FEE         |    2.663(R)|      SLOW  |    0.092(R)|      SLOW  |clk_BUFGP         |   0.000|
FEI         |    2.578(R)|      SLOW  |   -0.411(R)|      SLOW  |clk_BUFGP         |   0.000|
FUE         |    1.481(R)|      SLOW  |    0.091(R)|      SLOW  |clk_BUFGP         |   0.000|
FUI         |    1.644(R)|      SLOW  |    0.062(R)|      SLOW  |clk_BUFGP         |   0.000|
Pulsante    |    1.441(R)|      SLOW  |   -1.061(R)|      SLOW  |clk_BUFGP         |   0.000|
rst         |    1.516(R)|      SLOW  |    0.456(R)|      SLOW  |clk_BUFGP         |   0.000|
------------+------------+------------+------------+------------+------------------+--------+

Clock clk to Pad
------------+-----------------+------------+-----------------+------------+------------------+--------+
            |Max (slowest) clk|  Process   |Min (fastest) clk|  Process   |                  | Clock  |
Destination |  (edge) to PAD  |   Corner   |  (edge) to PAD  |   Corner   |Internal Clock(s) | Phase  |
------------+-----------------+------------+-----------------+------------+------------------+--------+
SbI         |         9.114(R)|      SLOW  |         6.712(R)|      FAST  |clk_BUFGP         |   0.000|
SbU         |         9.574(R)|      SLOW  |         6.679(R)|      FAST  |clk_BUFGP         |   0.000|
Sem         |         8.752(R)|      SLOW  |         6.350(R)|      FAST  |clk_BUFGP         |   0.000|
------------+-----------------+------------+-----------------+------------+------------------+--------+

Clock to Setup on destination clock clk
---------------+---------+---------+---------+---------+
               | Src:Rise| Src:Fall| Src:Rise| Src:Fall|
Source Clock   |Dest:Rise|Dest:Rise|Dest:Fall|Dest:Fall|
---------------+---------+---------+---------+---------+
clk            |    2.669|         |         |         |
---------------+---------+---------+---------+---------+


Analysis completed Mon Feb 03 15:36:53 2020 
--------------------------------------------------------------------------------

Trace Settings:
-------------------------
Trace Settings 

Peak Memory Usage: 4571 MB



