#-----------------------------------------------------------
# PlanAhead v14.7 (64-bit)
# Build 321239 by xbuild on Fri Sep 27 19:29:51 MDT 2013
# Start of session at: Mon Feb 03 15:37:52 2020
# Process ID: 33080
# Log file: D:/ProgettoTD_Traccia9_Canzolino_Gianluca/planAhead_run_1/planAhead.log
# Journal file: D:/ProgettoTD_Traccia9_Canzolino_Gianluca/planAhead_run_1/planAhead.jou
#-----------------------------------------------------------
INFO: [Common 17-78] Attempting to get a license: PlanAhead
INFO: [Common 17-290] Got license for PlanAhead
INFO: [Device 21-36] Loading parts and site information from D:/Xilinx/14.7/ISE_DS/PlanAhead/data/parts/arch.xml
Parsing RTL primitives file [D:/Xilinx/14.7/ISE_DS/PlanAhead/data/parts/xilinx/rtl/prims/rtl_prims.xml]
Finished parsing RTL primitives file [D:/Xilinx/14.7/ISE_DS/PlanAhead/data/parts/xilinx/rtl/prims/rtl_prims.xml]
start_gui
source D:/ProgettoTD_Traccia9_Canzolino_Gianluca/pa.fromNcd.tcl
# create_project -name ProgettoTD_Traccia9_Canzolino_Gianluca -dir "D:/ProgettoTD_Traccia9_Canzolino_Gianluca/planAhead_run_1" -part xc6slx9tqg144-2
# set srcset [get_property srcset [current_run -impl]]
# set_property design_mode GateLvl $srcset
# set_property edif_top_file "D:/ProgettoTD_Traccia9_Canzolino_Gianluca/Parcheggio.ngc" [ get_property srcset [ current_run ] ]
# add_files -norecurse { {D:/ProgettoTD_Traccia9_Canzolino_Gianluca} }
# set_property target_constrs_file "Parcheggio.ucf" [current_fileset -constrset]
Adding file 'D:/ProgettoTD_Traccia9_Canzolino_Gianluca/Parcheggio.ucf' to fileset 'constrs_1'
# add_files [list {Parcheggio.ucf}] -fileset [get_property constrset [current_run]]
# link_design
Design is defaulting to srcset: sources_1
Design is defaulting to constrset: constrs_1
Design is defaulting to project part: xc6slx9tqg144-2
Release 14.7 - ngc2edif P.20131013 (nt64)
Copyright (c) 1995-2013 Xilinx, Inc.  All rights reserved.
Reading design Parcheggio.ngc ...
WARNING:NetListWriters:298 - No output is written to Parcheggio.xncf, ignored.
Processing design ...
   Preping design's networks ...
   Preping design's macros ...
  finished :Prep
Writing EDIF netlist file Parcheggio.edif ...
ngc2edif: Total memory usage is 4310804 kilobytes

Parsing EDIF File [./planAhead_run_1/ProgettoTD_Traccia9_Canzolino_Gianluca.data/cache/Parcheggio_ngc_zx.edif]
Finished Parsing EDIF File [./planAhead_run_1/ProgettoTD_Traccia9_Canzolino_Gianluca.data/cache/Parcheggio_ngc_zx.edif]
INFO: [Netlist 29-17] Analyzing 1 Unisim elements for replacement
INFO: [Netlist 29-28] Unisim Transformation completed in 0 CPU seconds
Loading clock regions from D:/Xilinx/14.7/ISE_DS/PlanAhead/data\parts/xilinx/spartan6/spartan6lx/xc6slx9/ClockRegion.xml
Loading clock buffers from D:/Xilinx/14.7/ISE_DS/PlanAhead/data\parts/xilinx/spartan6/spartan6lx/xc6slx9/ClockBuffers.xml
Loading package pin functions from D:/Xilinx/14.7/ISE_DS/PlanAhead/data\parts/xilinx/spartan6/PinFunctions.xml...
Loading package from D:/Xilinx/14.7/ISE_DS/PlanAhead/data\parts/xilinx/spartan6/spartan6lx/xc6slx9/tqg144/Package.xml
Loading io standards from D:/Xilinx/14.7/ISE_DS/PlanAhead/data\./parts/xilinx/spartan6/IOStandards.xml
Loading device configuration modes from D:/Xilinx/14.7/ISE_DS/PlanAhead/data\parts/xilinx/spartan6/ConfigModes.xml
Loading list of drcs for the architecture : D:/Xilinx/14.7/ISE_DS/PlanAhead/data\./parts/xilinx/spartan6/drc.xml
Parsing UCF File [D:/ProgettoTD_Traccia9_Canzolino_Gianluca/Parcheggio.ucf]
Finished Parsing UCF File [D:/ProgettoTD_Traccia9_Canzolino_Gianluca/Parcheggio.ucf]
INFO: [Project 1-111] Unisim Transformation Summary:
  A total of 1 instances were transformed.
  BUFGP => BUFGP (IBUF, BUFG): 1 instances

Phase 0 | Netlist Checksum: 09d06388
link_design: Time (s): elapsed = 00:00:14 . Memory (MB): peak = 614.766 ; gain = 162.637
# read_xdl -file "D:/ProgettoTD_Traccia9_Canzolino_Gianluca/Parcheggio.ncd"
Release 14.7 - xdl P.20131013 (nt64)
Copyright (c) 1995-2013 Xilinx, Inc.  All rights reserved.

WARNING:XDL:213 - The resulting xdl output will not have LUT equation strings or RAM INIT strings.
Loading device for application Rf_Device from file '6slx9.nph' in environment D:\Xilinx\14.7\ISE_DS\ISE\.
   "Parcheggio" is an NCD, version 3.2, device xc6slx9, package tqg144, speed -2
Successfully converted design 'D:\ProgettoTD_Traccia9_Canzolino_Gianluca\Parcheggio.ncd' to 'D:\ProgettoTD_Traccia9_Canzolino_Gianluca\Parcheggio.xdl'.
INFO: [Designutils 20-669] Parsing Placement File : D:/ProgettoTD_Traccia9_Canzolino_Gianluca/Parcheggio.ncd
INFO: [Designutils 20-658] Finished Parsing Placement File : D:/ProgettoTD_Traccia9_Canzolino_Gianluca/Parcheggio.ncd
INFO: [Designutils 20-671] Placed 42 instances
read_xdl: Time (s): elapsed = 00:00:07 . Memory (MB): peak = 614.766 ; gain = 0.000
# if {[catch {read_twx -name results_1 -file "D:/ProgettoTD_Traccia9_Canzolino_Gianluca/Parcheggio.twx"} eInfo]} {
#    puts "WARNING: there was a problem importing \"D:/ProgettoTD_Traccia9_Canzolino_Gianluca/Parcheggio.twx\": $eInfo"
# }
exit
ERROR: [PlanAhead 12-106] *** Exception: ui.h.b: Found deleted key in HTclEventBroker. Verify if the classes listed here call cleanup()
HTclEvent: SIGNAL_MODIFY   Classes: ui.views.aR 
HTclEvent: DEBUG_PORT_CONFIG_CHANGE   Classes: ui.views.aR 
HTclEvent: SIGNAL_BUS_MODIFY   Classes: ui.views.aR 
HTclEvent: DEBUG_CORE_CONFIG_CHANGE   Classes: ui.views.aR 
 (See D:/ProgettoTD_Traccia9_Canzolino_Gianluca\planAhead_pid33080.debug)
ERROR: [Common 17-39] 'stop_gui' failed due to earlier errors.
INFO: [Common 17-206] Exiting PlanAhead at Mon Feb 03 15:38:54 2020...
INFO: [Common 17-83] Releasing license: PlanAhead
